\BOOKMARK [0][-]{chapter.listoftables.1}{Introdu\347\343o}{}% 1
\BOOKMARK [1][-]{section.listoftables.1.1}{Contextualiza\347\343o}{chapter.listoftables.1}% 2
\BOOKMARK [1][-]{section.listoftables.1.2}{Perguntas estrat\351gicas}{chapter.listoftables.1}% 3
\BOOKMARK [1][-]{section.listoftables.1.3}{Escopo}{chapter.listoftables.1}% 4
\BOOKMARK [1][-]{section.listoftables.1.4}{Justificativa}{chapter.listoftables.1}% 5
\BOOKMARK [1][-]{section.listoftables.1.5}{Fatores cr\355ticos de sucesso}{chapter.listoftables.1}% 6
\BOOKMARK [1][-]{section.listoftables.1.6}{Exclus\365es de escopo}{chapter.listoftables.1}% 7
\BOOKMARK [1][-]{section.listoftables.1.7}{Riscos}{chapter.listoftables.1}% 8
\BOOKMARK [0][-]{chapter.listoftables.2}{Planejamento}{}% 9
\BOOKMARK [1][-]{section.listoftables.2.1}{Defini\347\343o da equipe}{chapter.listoftables.2}% 10
\BOOKMARK [1][-]{section.listoftables.2.2}{Cronograma}{chapter.listoftables.2}% 11
\BOOKMARK [1][-]{section.listoftables.2.3}{Custos}{chapter.listoftables.2}% 12
\BOOKMARK [0][-]{chapter.listoftables.3}{MODELAGEM DIMENSIONAL}{}% 13
\BOOKMARK [1][-]{section.listoftables.3.1}{processo do neg\363cio}{chapter.listoftables.3}% 14
\BOOKMARK [1][-]{section.listoftables.3.2}{Granularidade}{chapter.listoftables.3}% 15
\BOOKMARK [1][-]{section.listoftables.3.3}{Dimens\365es}{chapter.listoftables.3}% 16
\BOOKMARK [1][-]{section.listoftables.3.4}{Fatos}{chapter.listoftables.3}% 17
\BOOKMARK [0][-]{chapter.listoftables.4}{Indicadores}{}% 18
\BOOKMARK [1][-]{section.listoftables.4.1}{Exemplos de relat\363rios}{chapter.listoftables.4}% 19
\BOOKMARK [2][-]{subsection.listoftables.4.1.1}{Pergunta 1}{section.listoftables.4.1}% 20
\BOOKMARK [2][-]{subsection.listoftables.4.1.2}{Pergunta 2}{section.listoftables.4.1}% 21
\BOOKMARK [0][-]{chapter.listoftables.5}{CONCLUS\303O}{}% 22
